<?xml version="1.0" encoding="UTF-8"?>
<!-- Generated by org.testng.reporters.JUnitReportReporter -->
<testsuite hostname="YolandeH-Dell2" failures="0" tests="1" name="testsLogBox.PreAdmissionTests.PreAdmissionTests" time="8.997" errors="0" timestamp="09 Jun 2022 07:03:38 GMT" skipped="0">
  <testcase classname="testsLogBox.PreAdmissionTests.PreAdmissionTests" name="shouldValidateRequiredFieldsWhenCreatingPreAdmission" time="8.997"/>
</testsuite> <!-- testsLogBox.PreAdmissionTests.PreAdmissionTests -->
