<?xml version="1.0" encoding="UTF-8"?>
<!-- Generated by org.testng.reporters.JUnitReportReporter -->
<testsuite hostname="YolandeH-Dell2" failures="0" tests="1" name="testsLogBox.MDTMeetings.MDTMeetingsTests" time="7.885" errors="0" timestamp="21 Jun 2022 06:59:21 GMT" skipped="0">
  <testcase classname="testsLogBox.MDTMeetings.MDTMeetingsTests" name="shouldNotBeAllowedToSaveAMDTMeetingWithoutMeetingCoordinator" time="7.885"/>
</testsuite> <!-- testsLogBox.MDTMeetings.MDTMeetingsTests -->
