<?xml version="1.0" encoding="UTF-8"?>
<!-- Generated by org.testng.reporters.JUnitReportReporter -->
<testsuite hostname="DESKTOP-CVKJJ5N" failures="0" tests="1" name="testsLogBox.LoginPracticeTests" time="3.889" errors="0" timestamp="28 May 2022 08:13:42 GMT" skipped="0">
  <testcase classname="testsLogBox.LoginPracticeTests" name="shouldLoginWithValidUsernameValidPassword" time="3.889"/>
</testsuite> <!-- testsLogBox.LoginPracticeTests -->
