<?xml version="1.0" encoding="UTF-8"?>
<!-- Generated by org.testng.reporters.JUnitReportReporter -->
<testsuite hostname="YolandeH-Dell2" failures="0" tests="1" name="testsLogBox.ActivityTests" time="14.731" errors="0" timestamp="24 Jun 2022 17:22:34 GMT" skipped="0">
  <testcase classname="testsLogBox.ActivityTests" name="shouldCreateCaseFileForSelectedPatient" time="14.731"/>
</testsuite> <!-- testsLogBox.ActivityTests -->
