<?xml version="1.0" encoding="UTF-8"?>
<!-- Generated by org.testng.reporters.JUnitReportReporter -->
<testsuite hostname="YolandeH-Dell2" failures="0" tests="1" name="testsLogBox.MDTMeetingsTests" time="8.326" errors="0" timestamp="22 Jun 2022 18:37:15 GMT" skipped="0">
  <testcase classname="testsLogBox.MDTMeetingsTests" name="shouldNotBeAllowedToSaveAMDTMeetingWithoutMeetingCoordinator" time="8.326"/>
</testsuite> <!-- testsLogBox.MDTMeetingsTests -->
