<?xml version="1.0" encoding="UTF-8"?>
<!-- Generated by org.testng.reporters.JUnitReportReporter -->
<testsuite hostname="YolandeH-Dell2" failures="0" tests="1" name="testsLogBox.ActivityFeedTests.ActivityTests" time="23.231" errors="0" timestamp="12 Jun 2022 16:28:19 GMT" skipped="0">
  <testcase classname="testsLogBox.ActivityFeedTests.ActivityTests" name="shouldCreateActivityForSelectedPatient" time="23.231"/>
</testsuite> <!-- testsLogBox.ActivityFeedTests.ActivityTests -->
