<?xml version="1.0" encoding="UTF-8"?>
<!-- Generated by org.testng.reporters.JUnitReportReporter -->
<testsuite hostname="YolandeH-Dell2" failures="0" tests="1" name="testsLogBox.ActivityFeedTests.ActivityTests" time="11.128" errors="0" timestamp="11 Jun 2022 21:18:41 GMT" skipped="0">
  <testcase classname="testsLogBox.ActivityFeedTests.ActivityTests" name="shouldCreateActivityForSelectedPatient" time="11.128"/>
</testsuite> <!-- testsLogBox.ActivityFeedTests.ActivityTests -->
