<?xml version="1.0" encoding="UTF-8"?>
<!-- Generated by org.testng.reporters.JUnitReportReporter -->
<testsuite hostname="YolandeH-Dell2" failures="0" tests="1" name="testsLogBox.ActivityTests" time="130.260" errors="0" timestamp="23 Jun 2022 10:56:01 GMT" skipped="0">
  <testcase classname="testsLogBox.ActivityTests" name="shouldSelectInpatientLocation" time="130.260"/>
</testsuite> <!-- testsLogBox.ActivityTests -->
