<?xml version="1.0" encoding="UTF-8"?>
<!-- Generated by org.testng.reporters.JUnitReportReporter -->
<testsuite hostname="DESKTOP-CVKJJ5N" failures="0" tests="1" name="testsLogBox.PreAdmissionTests.PreAdmissionTests" time="76.345" errors="0" timestamp="17 Jun 2022 11:00:52 GMT" skipped="0">
  <testcase classname="testsLogBox.PreAdmissionTests.PreAdmissionTests" name="shouldCreatePreAdmissionFromEllipseOptionsWithRequiredFields" time="76.345"/>
</testsuite> <!-- testsLogBox.PreAdmissionTests.PreAdmissionTests -->
