<?xml version="1.0" encoding="UTF-8"?>
<!-- Generated by org.testng.reporters.JUnitReportReporter -->
<testsuite hostname="DESKTOP-CVKJJ5N" failures="0" tests="1" name="testsLogBox.MessagePatientsTests" time="15.271" errors="0" timestamp="07 Jul 2022 14:10:18 GMT" skipped="0">
  <testcase classname="testsLogBox.MessagePatientsTests" name="shouldReceiveSmsByPatient" time="15.271"/>
</testsuite> <!-- testsLogBox.MessagePatientsTests -->
