<?xml version="1.0" encoding="UTF-8"?>
<!-- Generated by org.testng.reporters.JUnitReportReporter -->
<testsuite hostname="YolandeH-Dell2" failures="0" tests="1" name="testsLogBox.ActivityFeedTests.ActivityTests" time="185.089" errors="0" timestamp="19 Jun 2022 12:49:37 GMT" skipped="0">
  <testcase classname="testsLogBox.ActivityFeedTests.ActivityTests" name="shouldSelectInpatientLocation" time="185.089"/>
</testsuite> <!-- testsLogBox.ActivityFeedTests.ActivityTests -->
