<?xml version="1.0" encoding="UTF-8"?>
<!-- Generated by org.testng.reporters.JUnitReportReporter -->
<testsuite hostname="YolandeH-Dell2" failures="0" tests="1" name="testsLogBox.MDTMeetings.MDTMeetingsTests" time="8.222" errors="0" timestamp="19 Jun 2022 18:53:12 GMT" skipped="0">
  <testcase classname="testsLogBox.MDTMeetings.MDTMeetingsTests" name="shouldNotBeAllowedToSaveAMDTMeetingWithoutMeetingCoordinator" time="8.222"/>
</testsuite> <!-- testsLogBox.MDTMeetings.MDTMeetingsTests -->
