<?xml version="1.0" encoding="UTF-8"?>
<!-- Generated by org.testng.reporters.JUnitReportReporter -->
<testsuite hostname="YolandeH-Dell2" failures="0" tests="1" name="testsLogBox.ActivityFeedTests.ActivityTests" time="5.170" errors="0" timestamp="03 Jun 2022 19:14:22 GMT" skipped="0">
  <testcase classname="testsLogBox.ActivityFeedTests.ActivityTests" name="shouldCreateCaseFileForSelectedPatient" time="5.170"/>
</testsuite> <!-- testsLogBox.ActivityFeedTests.ActivityTests -->
