<?xml version="1.0" encoding="UTF-8"?>
<!-- Generated by org.testng.reporters.JUnitReportReporter -->
</testsuite> <!-- testsLogBox.ActivityTests -->
