<?xml version="1.0" encoding="UTF-8"?>
<!-- Generated by org.testng.reporters.JUnitReportReporter -->
<testsuite hostname="DESKTOP-CVKJJ5N" failures="0" tests="1" name="testsLogBox.ActivityTests" time="19.824" errors="0" timestamp="22 Jun 2022 10:06:54 GMT" skipped="0">
  <testcase classname="testsLogBox.ActivityTests" name="shouldCreateCaseFileForSelectedPatient" time="19.824"/>
</testsuite> <!-- testsLogBox.ActivityTests -->
