<?xml version="1.0" encoding="UTF-8"?>
<!-- Generated by org.testng.reporters.JUnitReportReporter -->
<testsuite hostname="YolandeH-Dell2" failures="0" tests="1" name="testsLogBox.MDTMeetings.MDTMeetingsTests" time="8.187" errors="0" timestamp="18 Jun 2022 13:31:40 GMT" skipped="0">
  <testcase classname="testsLogBox.MDTMeetings.MDTMeetingsTests" name="shouldNotBeAllowedToSaveAMDTMeetingWithoutMeetingCoordinator" time="8.187"/>
</testsuite> <!-- testsLogBox.MDTMeetings.MDTMeetingsTests -->
