<?xml version="1.0" encoding="UTF-8"?>
<!-- Generated by org.testng.reporters.JUnitReportReporter -->
<testsuite hostname="DESKTOP-CVKJJ5N" failures="0" tests="1" name="testsLogBox.LoginPracticeTests" time="4.614" errors="0" timestamp="06 Jul 2022 14:02:20 GMT" skipped="0">
  <testcase classname="testsLogBox.LoginPracticeTests" name="shouldNotLoginWithValidUsernameInvalidPassword" time="4.614"/>
</testsuite> <!-- testsLogBox.LoginPracticeTests -->
