<?xml version="1.0" encoding="UTF-8"?>
<!-- Generated by org.testng.reporters.JUnitReportReporter -->
<testsuite hostname="YolandeH-Dell2" failures="0" tests="1" name="testsLogBox.ActivityFeedTests.ActivityTests" time="3.291" errors="0" timestamp="17 Jun 2022 20:34:39 GMT" skipped="0">
  <testcase classname="testsLogBox.ActivityFeedTests.ActivityTests" name="shouldSelectCheckBox" time="3.291"/>
</testsuite> <!-- testsLogBox.ActivityFeedTests.ActivityTests -->
