<?xml version="1.0" encoding="UTF-8"?>
<!-- Generated by org.testng.reporters.JUnitReportReporter -->
<testsuite hostname="DESKTOP-CVKJJ5N" failures="0" tests="1" name="testsLogBox.ActivityFeedTests.ActivityTests" time="14.165" errors="0" timestamp="04 Jun 2022 07:19:57 GMT" skipped="0">
  <testcase classname="testsLogBox.ActivityFeedTests.ActivityTests" name="shouldCreateCaseFileForSelectedPatient" time="14.165"/>
</testsuite> <!-- testsLogBox.ActivityFeedTests.ActivityTests -->
