<?xml version="1.0" encoding="UTF-8"?>
<!-- Generated by org.testng.reporters.JUnitReportReporter -->
<testsuite hostname="DESKTOP-CVKJJ5N" failures="0" tests="1" name="testsLogBox.ActivityTests" time="25.721" errors="0" timestamp="12 Jul 2022 10:27:34 GMT" skipped="0">
  <testcase classname="testsLogBox.ActivityTests" name="shouldRemoveDiagnosticCodeForAnActivity" time="25.721"/>
</testsuite> <!-- testsLogBox.ActivityTests -->
