<?xml version="1.0" encoding="UTF-8"?>
<!-- Generated by org.testng.reporters.JUnitReportReporter -->
<testsuite hostname="DESKTOP-CVKJJ5N" failures="0" tests="8" name="testsLogBox.MessagePatientsTests" time="23.565" errors="0" timestamp="14 Jul 2022 07:15:56 GMT" skipped="7">
  <testcase classname="testsLogBox.MessagePatientsTests" name="shouldSMSPatientQuestionnaire" time="23.565"/>
  <testcase classname="testsLogBox.MessagePatientsTests" name="shouldReceiveSmsFormByPatient">
    <skipped/>
  </testcase> <!-- shouldReceiveSmsFormByPatient -->
  <testcase classname="testsLogBox.MessagePatientsTests" name="shouldReceiveEmailMessageByPatient">
    <skipped/>
  </testcase> <!-- shouldReceiveEmailMessageByPatient -->
  <testcase classname="testsLogBox.MessagePatientsTests" name="shouldReceiveEmailFormByPatient">
    <skipped/>
  </testcase> <!-- shouldReceiveEmailFormByPatient -->
  <testcase classname="testsLogBox.MessagePatientsTests" name="shouldReceiveSmsAppointmentReminderByPatient">
    <skipped/>
  </testcase> <!-- shouldReceiveSmsAppointmentReminderByPatient -->
  <testcase classname="testsLogBox.MessagePatientsTests" name="shouldReceiveEmailAppointmentReminderByPatient">
    <skipped/>
  </testcase> <!-- shouldReceiveEmailAppointmentReminderByPatient -->
  <testcase classname="testsLogBox.MessagePatientsTests" name="shouldReceiveSmsQuestionnaireByPatient">
    <skipped/>
  </testcase> <!-- shouldReceiveSmsQuestionnaireByPatient -->
  <testcase classname="testsLogBox.MessagePatientsTests" name="shouldReceiveEmailQuestionnaireByPatient">
    <skipped/>
  </testcase> <!-- shouldReceiveEmailQuestionnaireByPatient -->
</testsuite> <!-- testsLogBox.MessagePatientsTests -->
