<?xml version="1.0" encoding="UTF-8"?>
<!-- Generated by org.testng.reporters.JUnitReportReporter -->
<testsuite hostname="DESKTOP-CVKJJ5N" failures="0" tests="1" name="testsLogBox.PreAdmissionTests" time="18.447" errors="0" timestamp="22 Jun 2022 11:00:56 GMT" skipped="0">
  <testcase classname="testsLogBox.PreAdmissionTests" name="shouldDeletePreAdmissionFromPreAdmissionListOnSearchedPatientName" time="18.447"/>
</testsuite> <!-- testsLogBox.PreAdmissionTests -->
