<?xml version="1.0" encoding="UTF-8"?>
<!-- Generated by org.testng.reporters.JUnitReportReporter -->
<testsuite hostname="YolandeH-Dell2" failures="0" tests="1" name="testsLogBox.ActivityTests" time="125.425" errors="0" timestamp="23 Jun 2022 09:51:02 GMT" skipped="0">
  <testcase classname="testsLogBox.ActivityTests" name="shouldSelectInpatientLocation" time="125.425"/>
</testsuite> <!-- testsLogBox.ActivityTests -->
