<?xml version="1.0" encoding="UTF-8"?>
<!-- Generated by org.testng.reporters.JUnitReportReporter -->
<testsuite hostname="YolandeH-Dell2" failures="0" tests="1" name="testsLogBox.ActivityFeedTests.ActivityTests" time="132.975" errors="0" timestamp="19 Jun 2022 18:20:42 GMT" skipped="0">
  <testcase classname="testsLogBox.ActivityFeedTests.ActivityTests" name="shouldRemoveDiagnosticCodeForAnActivity" time="132.975"/>
</testsuite> <!-- testsLogBox.ActivityFeedTests.ActivityTests -->
