<?xml version="1.0" encoding="UTF-8"?>
<!-- Generated by org.testng.reporters.JUnitReportReporter -->
<testsuite hostname="YolandeH-Dell2" failures="0" tests="1" name="testsLogBox.MDTMeetingsTests" time="8.934" errors="0" timestamp="24 Jun 2022 17:11:50 GMT" skipped="0">
  <testcase classname="testsLogBox.MDTMeetingsTests" name="shouldNotBeAllowedToSaveAMDTMeetingWithoutMeetingCoordinator" time="8.934"/>
</testsuite> <!-- testsLogBox.MDTMeetingsTests -->
