<?xml version="1.0" encoding="UTF-8"?>
<!-- Generated by org.testng.reporters.JUnitReportReporter -->
<testsuite hostname="DESKTOP-CVKJJ5N" failures="0" tests="1" name="frameWork.MailDevAPIMethods" time="2.654" errors="0" timestamp="07 Jul 2022 14:01:03 GMT" skipped="0">
  <testcase classname="frameWork.MailDevAPIMethods" name="deleteAllMailsInMailbox" time="2.654"/>
</testsuite> <!-- frameWork.MailDevAPIMethods -->
