<?xml version="1.0" encoding="UTF-8"?>
<!-- Generated by org.testng.reporters.JUnitReportReporter -->
<testsuite hostname="DESKTOP-CVKJJ5N" failures="0" tests="1" name="testsLogBox.PreAdmissionTests.PreAdmissionTests" time="7.446" errors="0" timestamp="04 Jun 2022 09:27:40 GMT" skipped="0">
  <testcase classname="testsLogBox.PreAdmissionTests.PreAdmissionTests" name="shouldOpenPreAdmissionPageAfterPatientSearch" time="7.446"/>
</testsuite> <!-- testsLogBox.PreAdmissionTests.PreAdmissionTests -->
