<?xml version="1.0" encoding="UTF-8"?>
<!-- Generated by org.testng.reporters.JUnitReportReporter -->
<testsuite hostname="DESKTOP-CVKJJ5N" failures="0" tests="7" name="testsLogBox.PreAdmissionTests" time="16.075" errors="0" timestamp="23 Jun 2022 14:42:43 GMT" skipped="6">
  <testcase classname="testsLogBox.PreAdmissionTests" name="shouldCreatePreAdmissionFromEllipseOptionsWithRequiredFields" time="16.075"/>
  <testcase classname="testsLogBox.PreAdmissionTests" name="shouldCompletePreAdmissionViaKiosk">
    <skipped/>
  </testcase> <!-- shouldCompletePreAdmissionViaKiosk -->
  <testcase classname="testsLogBox.PreAdmissionTests" name="shouldEditPreAdmissionFromPreAdmissionScreen">
    <skipped/>
  </testcase> <!-- shouldEditPreAdmissionFromPreAdmissionScreen -->
  <testcase classname="testsLogBox.PreAdmissionTests" name="shouldViewPreAdmissionFromPreAdmissionScreen">
    <skipped/>
  </testcase> <!-- shouldViewPreAdmissionFromPreAdmissionScreen -->
  <testcase classname="testsLogBox.PreAdmissionTests" name="shouldDisplayNotificationInPracticeAfterCompletionOfPreAdmissionByPatient">
    <skipped/>
  </testcase> <!-- shouldDisplayNotificationInPracticeAfterCompletionOfPreAdmissionByPatient -->
  <testcase classname="testsLogBox.PreAdmissionTests" name="shouldPrintPreAdmissionFromPreAdmissionScreen">
    <skipped/>
  </testcase> <!-- shouldPrintPreAdmissionFromPreAdmissionScreen -->
  <testcase classname="testsLogBox.PreAdmissionTests" name="shouldSendPreAdmissionToPatientEmailToComplete">
    <skipped/>
  </testcase> <!-- shouldSendPreAdmissionToPatientEmailToComplete -->
</testsuite> <!-- testsLogBox.PreAdmissionTests -->
