<?xml version="1.0" encoding="UTF-8"?>
<!-- Generated by org.testng.reporters.JUnitReportReporter -->
<testsuite hostname="DESKTOP-CVKJJ5N" failures="0" tests="2" name="pageObjectsLogBox.pageObjectsBrochurePage" time="0.017" errors="0" timestamp="21 May 2022 08:04:53 GMT" skipped="0">
  <testcase classname="pageObjectsLogBox.pageObjectsBrochurePage" name="loginUsernamePassword" time="0.013"/>
  <testcase classname="pageObjectsLogBox.pageObjectsBrochurePage" name="loginUsernamePassword" time="0.004"/>
</testsuite> <!-- pageObjectsLogBox.pageObjectsBrochurePage -->
