<?xml version="1.0" encoding="UTF-8"?>
<!-- Generated by org.testng.reporters.JUnitReportReporter -->
<testsuite hostname="DESKTOP-CVKJJ5N" failures="0" tests="1" name="testsLogBox.MessagePatientsTests" time="10.667" errors="0" timestamp="04 Jul 2022 10:40:35 GMT" skipped="0">
  <testcase classname="testsLogBox.MessagePatientsTests" name="shouldSMSPatientMessageText" time="10.667"/>
</testsuite> <!-- testsLogBox.MessagePatientsTests -->
