<?xml version="1.0" encoding="UTF-8"?>
<!-- Generated by org.testng.reporters.JUnitReportReporter -->
<testsuite hostname="YolandeH-Dell2" failures="0" tests="1" name="testsLogBox.EmailTesting" time="2.073" errors="0" timestamp="05 Jul 2022 06:35:12 GMT" skipped="0">
  <testcase classname="testsLogBox.EmailTesting" name="verifyText" time="2.073"/>
</testsuite> <!-- testsLogBox.EmailTesting -->
