<?xml version="1.0" encoding="UTF-8"?>
<!-- Generated by org.testng.reporters.JUnitReportReporter -->
<testsuite hostname="YolandeH-Dell2" failures="0" tests="1" name="testsLogBox.HomePageTests.HomePageTests" time="6.945" errors="0" timestamp="11 Jun 2022 08:08:27 GMT" skipped="0">
  <testcase classname="testsLogBox.HomePageTests.HomePageTests" name="shouldSearchForPatient" time="6.945"/>
</testsuite> <!-- testsLogBox.HomePageTests.HomePageTests -->
