<?xml version="1.0" encoding="UTF-8"?>
<!-- Generated by org.testng.reporters.JUnitReportReporter -->
<testsuite hostname="YolandeH-Dell2" failures="0" tests="1" name="testsLogBox.HomePageTests" time="3.710" errors="0" timestamp="28 May 2022 10:47:21 GMT" skipped="0">
  <testcase classname="testsLogBox.HomePageTests" name="shouldSearchForPatient" time="3.710"/>
</testsuite> <!-- testsLogBox.HomePageTests -->
