<?xml version="1.0" encoding="UTF-8"?>
<!-- Generated by org.testng.reporters.JUnitReportReporter -->
<testsuite hostname="YolandeH-Dell2" failures="0" tests="1" name="testsLogBox.LoginPracticeTests" time="3.579" errors="0" timestamp="28 May 2022 10:06:19 GMT" skipped="0">
  <testcase classname="testsLogBox.LoginPracticeTests" name="shouldLoginWithValidUsernameValidPassword" time="3.579"/>
</testsuite> <!-- testsLogBox.LoginPracticeTests -->
