<?xml version="1.0" encoding="UTF-8"?>
<!-- Generated by org.testng.reporters.JUnitReportReporter -->
<testsuite hostname="YolandeH-Dell2" failures="0" tests="1" name="testsLogBox.MDTMeetingsTests" time="13.994" errors="0" timestamp="23 Jun 2022 10:56:49 GMT" skipped="0">
  <testcase classname="testsLogBox.MDTMeetingsTests" name="shouldNotBeAllowedToSaveAMDTMeetingWithoutMeetingCoordinator" time="13.994"/>
</testsuite> <!-- testsLogBox.MDTMeetingsTests -->
