<?xml version="1.0" encoding="UTF-8"?>
<!-- Generated by org.testng.reporters.JUnitReportReporter -->
<testsuite hostname="DESKTOP-CVKJJ5N" failures="0" tests="10" name="testsLogBox.PreAdmissionTests" time="17.013" errors="0" timestamp="13 Jul 2022 12:56:34 GMT" skipped="9">
  <testcase classname="testsLogBox.PreAdmissionTests" name="shouldNotAllowPreadmissionForDraftPatient" time="17.013"/>
  <testcase classname="testsLogBox.PreAdmissionTests" name="shouldCompletePreAdmissionViaKiosk">
    <skipped/>
  </testcase> <!-- shouldCompletePreAdmissionViaKiosk -->
  <testcase classname="testsLogBox.PreAdmissionTests" name="shouldEditPreAdmissionFromPreAdmissionScreen">
    <skipped/>
  </testcase> <!-- shouldEditPreAdmissionFromPreAdmissionScreen -->
  <testcase classname="testsLogBox.PreAdmissionTests" name="shouldDownloadCompletedPreAdmission">
    <skipped/>
  </testcase> <!-- shouldDownloadCompletedPreAdmission -->
  <testcase classname="testsLogBox.PreAdmissionTests" name="shouldDisplaySuccessMessageAfterPreAdmissionIsCreated">
    <skipped/>
  </testcase> <!-- shouldDisplaySuccessMessageAfterPreAdmissionIsCreated -->
  <testcase classname="testsLogBox.PreAdmissionTests" name="shouldCreatePreAdmissionFromEllipseOptionsWithRequiredFields">
    <skipped/>
  </testcase> <!-- shouldCreatePreAdmissionFromEllipseOptionsWithRequiredFields -->
  <testcase classname="testsLogBox.PreAdmissionTests" name="shouldViewPreAdmissionFromPreAdmissionScreen">
    <skipped/>
  </testcase> <!-- shouldViewPreAdmissionFromPreAdmissionScreen -->
  <testcase classname="testsLogBox.PreAdmissionTests" name="shouldDisplayNotificationInPracticeAfterCompletionOfPreAdmissionByPatient">
    <skipped/>
  </testcase> <!-- shouldDisplayNotificationInPracticeAfterCompletionOfPreAdmissionByPatient -->
  <testcase classname="testsLogBox.PreAdmissionTests" name="shouldPrintPreAdmissionFromPreAdmissionScreen">
    <skipped/>
  </testcase> <!-- shouldPrintPreAdmissionFromPreAdmissionScreen -->
  <testcase classname="testsLogBox.PreAdmissionTests" name="shouldSendPreAdmissionToPatientEmailToComplete">
    <skipped/>
  </testcase> <!-- shouldSendPreAdmissionToPatientEmailToComplete -->
</testsuite> <!-- testsLogBox.PreAdmissionTests -->
