<?xml version="1.0" encoding="UTF-8"?>
<!-- Generated by org.testng.reporters.JUnitReportReporter -->
<testsuite hostname="YolandeH-Dell2" failures="0" tests="1" name="testsLogBox.ActivityFeedTests.ActivityTests" time="126.985" errors="0" timestamp="16 Jun 2022 12:08:26 GMT" skipped="0">
  <testcase classname="testsLogBox.ActivityFeedTests.ActivityTests" name="shouldCreateActivityForSelectedPatient" time="126.985"/>
</testsuite> <!-- testsLogBox.ActivityFeedTests.ActivityTests -->
